<?xml version="1.0" encoding="UTF-8"?>
<testsuite xmlns:xsi="http://www.w3.org/2001/XMLSchema-instance" xsi:noNamespaceSchemaLocation="https://maven.apache.org/surefire/maven-surefire-plugin/xsd/surefire-test-report-3.0.xsd" version="3.0" name="StackTest" time="1.757" tests="14" errors="0" skipped="0" failures="0">
  <properties>
    <property name="java.specification.version" value="21"/>
    <property name="sun.jnu.encoding" value="UTF-8"/>
    <property name="java.class.path" value="/Users/zhaoxiantong/Downloads/CSE-464-2023-xzhao141-refactor/target/test-classes:/Users/zhaoxiantong/Downloads/CSE-464-2023-xzhao141-refactor/target/classes:/Users/zhaoxiantong/.m2/repository/guru/nidi/graphviz-java/0.18.1/graphviz-java-0.18.1.jar:/Users/zhaoxiantong/.m2/repository/org/webjars/npm/viz.js-graphviz-java/2.1.3/viz.js-graphviz-java-2.1.3.jar:/Users/zhaoxiantong/.m2/repository/guru/nidi/com/kitfox/svgSalamander/1.1.3/svgSalamander-1.1.3.jar:/Users/zhaoxiantong/.m2/repository/net/arnx/nashorn-promise/0.1.1/nashorn-promise-0.1.1.jar:/Users/zhaoxiantong/.m2/repository/org/apache/commons/commons-exec/1.3/commons-exec-1.3.jar:/Users/zhaoxiantong/.m2/repository/com/google/code/findbugs/jsr305/3.0.2/jsr305-3.0.2.jar:/Users/zhaoxiantong/.m2/repository/org/slf4j/jcl-over-slf4j/1.7.30/jcl-over-slf4j-1.7.30.jar:/Users/zhaoxiantong/.m2/repository/org/slf4j/jul-to-slf4j/1.7.30/jul-to-slf4j-1.7.30.jar:/Users/zhaoxiantong/.m2/repository/guru/nidi/com/eclipsesource/j2v8/j2v8_macosx_x86_64/4.6.0/j2v8_macosx_x86_64-4.6.0.jar:/Users/zhaoxiantong/.m2/repository/org/slf4j/slf4j-api/1.7.30/slf4j-api-1.7.30.jar:/Users/zhaoxiantong/.m2/repository/junit/junit/4.13.1/junit-4.13.1.jar:/Users/zhaoxiantong/.m2/repository/org/hamcrest/hamcrest-core/1.3/hamcrest-core-1.3.jar:/Users/zhaoxiantong/.m2/repository/org/jgrapht/jgrapht-core/1.5.2/jgrapht-core-1.5.2.jar:/Users/zhaoxiantong/.m2/repository/org/jheaps/jheaps/0.14/jheaps-0.14.jar:/Users/zhaoxiantong/.m2/repository/org/apfloat/apfloat/1.10.1/apfloat-1.10.1.jar:"/>
    <property name="java.vm.vendor" value="Homebrew"/>
    <property name="sun.arch.data.model" value="64"/>
    <property name="java.vendor.url" value="https://github.com/Homebrew/homebrew-core/issues"/>
    <property name="os.name" value="Mac OS X"/>
    <property name="java.vm.specification.version" value="21"/>
    <property name="sun.java.launcher" value="SUN_STANDARD"/>
    <property name="user.country" value="US"/>
    <property name="sun.boot.library.path" value="/usr/local/Cellar/openjdk/21/libexec/openjdk.jdk/Contents/Home/lib"/>
    <property name="sun.java.command" value="/Users/zhaoxiantong/Downloads/CSE-464-2023-xzhao141-refactor/target/surefire/surefirebooter-20231129003211859_3.jar /Users/zhaoxiantong/Downloads/CSE-464-2023-xzhao141-refactor/target/surefire 2023-11-29T00-32-11_728-jvmRun1 surefire-20231129003211859_1tmp surefire_0-20231129003211859_2tmp"/>
    <property name="http.nonProxyHosts" value="local|*.local|169.254/16|*.169.254/16"/>
    <property name="jdk.debug" value="release"/>
    <property name="surefire.test.class.path" value="/Users/zhaoxiantong/Downloads/CSE-464-2023-xzhao141-refactor/target/test-classes:/Users/zhaoxiantong/Downloads/CSE-464-2023-xzhao141-refactor/target/classes:/Users/zhaoxiantong/.m2/repository/guru/nidi/graphviz-java/0.18.1/graphviz-java-0.18.1.jar:/Users/zhaoxiantong/.m2/repository/org/webjars/npm/viz.js-graphviz-java/2.1.3/viz.js-graphviz-java-2.1.3.jar:/Users/zhaoxiantong/.m2/repository/guru/nidi/com/kitfox/svgSalamander/1.1.3/svgSalamander-1.1.3.jar:/Users/zhaoxiantong/.m2/repository/net/arnx/nashorn-promise/0.1.1/nashorn-promise-0.1.1.jar:/Users/zhaoxiantong/.m2/repository/org/apache/commons/commons-exec/1.3/commons-exec-1.3.jar:/Users/zhaoxiantong/.m2/repository/com/google/code/findbugs/jsr305/3.0.2/jsr305-3.0.2.jar:/Users/zhaoxiantong/.m2/repository/org/slf4j/jcl-over-slf4j/1.7.30/jcl-over-slf4j-1.7.30.jar:/Users/zhaoxiantong/.m2/repository/org/slf4j/jul-to-slf4j/1.7.30/jul-to-slf4j-1.7.30.jar:/Users/zhaoxiantong/.m2/repository/guru/nidi/com/eclipsesource/j2v8/j2v8_macosx_x86_64/4.6.0/j2v8_macosx_x86_64-4.6.0.jar:/Users/zhaoxiantong/.m2/repository/org/slf4j/slf4j-api/1.7.30/slf4j-api-1.7.30.jar:/Users/zhaoxiantong/.m2/repository/junit/junit/4.13.1/junit-4.13.1.jar:/Users/zhaoxiantong/.m2/repository/org/hamcrest/hamcrest-core/1.3/hamcrest-core-1.3.jar:/Users/zhaoxiantong/.m2/repository/org/jgrapht/jgrapht-core/1.5.2/jgrapht-core-1.5.2.jar:/Users/zhaoxiantong/.m2/repository/org/jheaps/jheaps/0.14/jheaps-0.14.jar:/Users/zhaoxiantong/.m2/repository/org/apfloat/apfloat/1.10.1/apfloat-1.10.1.jar:"/>
    <property name="sun.cpu.endian" value="little"/>
    <property name="user.home" value="/Users/zhaoxiantong"/>
    <property name="user.language" value="en"/>
    <property name="java.specification.vendor" value="Oracle Corporation"/>
    <property name="java.version.date" value="2023-09-19"/>
    <property name="java.home" value="/usr/local/Cellar/openjdk/21/libexec/openjdk.jdk/Contents/Home"/>
    <property name="file.separator" value="/"/>
    <property name="basedir" value="/Users/zhaoxiantong/Downloads/CSE-464-2023-xzhao141-refactor"/>
    <property name="java.vm.compressedOopsMode" value="Zero based"/>
    <property name="line.separator" value="&#10;"/>
    <property name="java.vm.specification.vendor" value="Oracle Corporation"/>
    <property name="java.specification.name" value="Java Platform API Specification"/>
    <property name="apple.awt.application.name" value="ForkedBooter"/>
    <property name="surefire.real.class.path" value="/Users/zhaoxiantong/Downloads/CSE-464-2023-xzhao141-refactor/target/surefire/surefirebooter-20231129003211859_3.jar"/>
    <property name="sun.management.compiler" value="HotSpot 64-Bit Tiered Compilers"/>
    <property name="ftp.nonProxyHosts" value="local|*.local|169.254/16|*.169.254/16"/>
    <property name="java.runtime.version" value="21"/>
    <property name="user.name" value="zhaoxiantong"/>
    <property name="stdout.encoding" value="UTF-8"/>
    <property name="path.separator" value=":"/>
    <property name="os.version" value="14.1.1"/>
    <property name="java.runtime.name" value="OpenJDK Runtime Environment"/>
    <property name="file.encoding" value="UTF-8"/>
    <property name="java.vm.name" value="OpenJDK 64-Bit Server VM"/>
    <property name="java.vendor.version" value="Homebrew"/>
    <property name="localRepository" value="/Users/zhaoxiantong/.m2/repository"/>
    <property name="java.vendor.url.bug" value="https://github.com/Homebrew/homebrew-core/issues"/>
    <property name="java.io.tmpdir" value="/var/folders/p7/q4wgzt917wdd23m1szfm_y3r0000gn/T/"/>
    <property name="java.version" value="21"/>
    <property name="user.dir" value="/Users/zhaoxiantong/Downloads/CSE-464-2023-xzhao141-refactor"/>
    <property name="os.arch" value="x86_64"/>
    <property name="java.vm.specification.name" value="Java Virtual Machine Specification"/>
    <property name="native.encoding" value="UTF-8"/>
    <property name="java.library.path" value="/Users/zhaoxiantong/Library/Java/Extensions:/Library/Java/Extensions:/Network/Library/Java/Extensions:/System/Library/Java/Extensions:/usr/lib/java:."/>
    <property name="java.vm.info" value="mixed mode, sharing"/>
    <property name="stderr.encoding" value="UTF-8"/>
    <property name="java.vendor" value="Homebrew"/>
    <property name="java.vm.version" value="21"/>
    <property name="sun.io.unicode.encoding" value="UnicodeBig"/>
    <property name="socksNonProxyHosts" value="local|*.local|169.254/16|*.169.254/16"/>
    <property name="java.class.version" value="65.0"/>
  </properties>
  <testcase name="testParseGraph" classname="StackTest" time="0.035">
    <system-out><![CDATA[digraph G {
  A -> B;
  B -> C;
  D;
}
digraph G {
  A -> B;
  B -> C;
  D;
}
]]></system-out>
  </testcase>
  <testcase name="testOutputDOTGraph" classname="StackTest" time="0.001">
    <system-out><![CDATA[digraph G {
  A -> B;
  B -> C;
  D;
}
digraph G {
  A -> B;
  B -> C;
  D;
}
]]></system-out>
  </testcase>
  <testcase name="testAddEdge" classname="StackTest" time="0.0"/>
  <testcase name="testAddNode" classname="StackTest" time="0.001">
    <system-out><![CDATA[digraph G {
  A -> B;
  B -> C;
  F;
}
digraph G {
  A -> B;
  B -> C;
  F;
}
]]></system-out>
  </testcase>
  <testcase name="testOutputGraph" classname="StackTest" time="1.452">
    <system-err><![CDATA[SLF4J: Failed to load class "org.slf4j.impl.StaticLoggerBinder".
SLF4J: Defaulting to no-operation (NOP) logger implementation
SLF4J: See http://www.slf4j.org/codes.html#StaticLoggerBinder for further details.
]]></system-err>
  </testcase>
  <testcase name="testBFS" classname="StackTest" time="0.007">
    <system-out><![CDATA[Running BFS Test
BFS Path: A -> D
]]></system-out>
  </testcase>
  <testcase name="testDFS" classname="StackTest" time="0.002">
    <system-out><![CDATA[Running DFS Test
DFS Path: A -> B -> C -> D
]]></system-out>
  </testcase>
  <testcase name="testToString" classname="StackTest" time="0.003">
    <system-out><![CDATA[digraph G {
  A -> B;
  B -> C;
  B -> D;
  E;
}
digraph G {
  A -> B;
  B -> C;
  B -> D;
  E;
}
]]></system-out>
  </testcase>
  <testcase name="testRemoveNodes" classname="StackTest" time="0.002"/>
  <testcase name="testRandomWalk" classname="StackTest" time="0.009">
    <system-out><![CDATA[Running Random Walk Test
random testing
visiting Path{nodes=[A]}
visiting Path{nodes=[A, D]}
visiting Path{nodes=[A, D, A]}
visiting Path{nodes=[A, D, A, D]}
visiting Path{nodes=[A, D, A, D, A]}
visiting Path{nodes=[A, D, A, D, A, B]}
visiting Path{nodes=[A, D, A, D, A, B, C]}
visiting Path{nodes=[A, D, A, D, A, B, C, D]}
visiting Path{nodes=[A, D, A, D, A, B, C, D, A]}
visiting Path{nodes=[A, D, A, D, A, B, C, D, A, D]}
visiting Path{nodes=[A, D, A, D, A, B, C, D, A, D, A]}
visiting Path{nodes=[A, D, A, D, A, B, C, D, A, D, A, D]}
visiting Path{nodes=[A, D, A, D, A, B, C, D, A, D, A, D, A]}
visiting Path{nodes=[A, D, A, D, A, B, C, D, A, D, A, D, A, D]}
visiting Path{nodes=[A, D, A, D, A, B, C, D, A, D, A, D, A, D, A]}
visiting Path{nodes=[A, D, A, D, A, B, C, D, A, D, A, D, A, D, A, B]}
visiting Path{nodes=[A, D, A, D, A, B, C, D, A, D, A, D, A, D, A, B, C]}
visiting Path{nodes=[A, D, A, D, A, B, C, D, A, D, A, D, A, D, A, B, C, E]}
visiting Path{nodes=[A, D, A, D, A, B, C, D, A, D, A, D, A, D, A, B, C, E, G]}
Path{nodes=[A, D, A, D, A, B, C, D, A, D, A, D, A, D, A, B, C, E, G]}
Random Walk Path: A -> D -> A -> D -> A -> B -> C -> D -> A -> D -> A -> D -> A -> D -> A -> B -> C -> E -> G
]]></system-out>
  </testcase>
  <testcase name="testAddNodes" classname="StackTest" time="0.002">
    <system-out><![CDATA[digraph G {
  A -> B;
  B -> C;
  Q;
  W;
  E;
  R;
  T;
}
digraph G {
  A -> B;
  B -> C;
  Q;
  W;
  E;
  R;
  T;
}
]]></system-out>
  </testcase>
  <testcase name="testRemoveEdge" classname="StackTest" time="0.005"/>
  <testcase name="testRemoveNode" classname="StackTest" time="0.0"/>
  <testcase name="testOutputGraphics" classname="StackTest" time="0.152"/>
</testsuite>